analyze-counts --verbose=1 --binary=false 'ark:ali-to-pdf exp/tri/final.mdl ark:exp/tri/train.ali ark:- |' exp/mlp/ali_train_pdf.counts 
ali-to-pdf exp/tri/final.mdl ark:exp/tri/train.ali ark:- 
LOG (ali-to-pdf[5.3.57~1-6f9f]:main():ali-to-pdf.cc:68) Converted 4000 alignments to pdf sequences.
LOG (analyze-counts[5.3.57~1-6f9f]:main():analyze-counts.cc:191) Printing...
### The sorted count table,
count	(norm),	id	(symbol):
9	(6.9346e-06),	913	
10	(7.70511e-06),	1380	
14	(1.07872e-05),	795	
16	(1.23282e-05),	1371	
16	(1.23282e-05),	1636	
18	(1.38692e-05),	1085	
19	(1.46397e-05),	984	
19	(1.46397e-05),	1069	
20	(1.54102e-05),	971	
20	(1.54102e-05),	1121	
22	(1.69512e-05),	1341	
23	(1.77218e-05),	826	
23	(1.77218e-05),	1160	
25	(1.92628e-05),	166	
25	(1.92628e-05),	1461	
28	(2.15743e-05),	1639	
30	(2.31153e-05),	1366	
31	(2.38858e-05),	1367	
34	(2.61974e-05),	20	
34	(2.61974e-05),	910	
37	(2.85089e-05),	921	
39	(3.00499e-05),	419	
39	(3.00499e-05),	1558	
41	(3.1591e-05),	1328	
44	(3.39025e-05),	683	
44	(3.39025e-05),	722	
44	(3.39025e-05),	1557	
45	(3.4673e-05),	791	
45	(3.4673e-05),	1141	
46	(3.54435e-05),	1375	
46	(3.54435e-05),	1641	
47	(3.6214e-05),	896	
48	(3.69845e-05),	777	
49	(3.7755e-05),	1363	
50	(3.85256e-05),	171	
50	(3.85256e-05),	1377	
51	(3.92961e-05),	898	
51	(3.92961e-05),	1166	
52	(4.00666e-05),	516	
52	(4.00666e-05),	1071	
52	(4.00666e-05),	1634	
53	(4.08371e-05),	435	
53	(4.08371e-05),	476	
55	(4.23781e-05),	1635	
56	(4.31486e-05),	714	
57	(4.39191e-05),	383	
58	(4.46896e-05),	1562	
60	(4.62307e-05),	914	
62	(4.77717e-05),	484	
64	(4.93127e-05),	1186	
65	(5.00832e-05),	756	
65	(5.00832e-05),	1426	
66	(5.08537e-05),	78	
66	(5.08537e-05),	1427	
69	(5.31653e-05),	262	
69	(5.31653e-05),	801	
70	(5.39358e-05),	1403	
71	(5.47063e-05),	1153	
72	(5.54768e-05),	102	
72	(5.54768e-05),	1441	
73	(5.62473e-05),	840	
74	(5.70178e-05),	782	
74	(5.70178e-05),	1139	
75	(5.77883e-05),	120	
75	(5.77883e-05),	1619	
76	(5.85588e-05),	17	
76	(5.85588e-05),	58	
76	(5.85588e-05),	1241	
80	(6.16409e-05),	220	
80	(6.16409e-05),	1031	
81	(6.24114e-05),	806	
81	(6.24114e-05),	1314	
81	(6.24114e-05),	1421	
82	(6.31819e-05),	437	
83	(6.39524e-05),	537	
83	(6.39524e-05),	1544	
85	(6.54934e-05),	916	
85	(6.54934e-05),	1503	
87	(6.70345e-05),	874	
87	(6.70345e-05),	1181	
89	(6.85755e-05),	1568	
90	(6.9346e-05),	369	
90	(6.9346e-05),	436	
90	(6.9346e-05),	1386	
91	(7.01165e-05),	576	
92	(7.0887e-05),	682	
93	(7.16575e-05),	6	
95	(7.31985e-05),	813	
96	(7.39691e-05),	982	
96	(7.39691e-05),	1294	
97	(7.47396e-05),	1260	
98	(7.55101e-05),	25	
99	(7.62806e-05),	920	
99	(7.62806e-05),	1376	
100	(7.70511e-05),	1360	
101	(7.78216e-05),	808	
102	(7.85921e-05),	705	
102	(7.85921e-05),	948	
102	(7.85921e-05),	1273	
103	(7.93626e-05),	935	
103	(7.93626e-05),	946	
103	(7.93626e-05),	1529	
103	(7.93626e-05),	1637	
105	(8.09037e-05),	825	
106	(8.16742e-05),	475	
106	(8.16742e-05),	730	
107	(8.24447e-05),	387	
107	(8.24447e-05),	820	
107	(8.24447e-05),	981	
110	(8.47562e-05),	602	
110	(8.47562e-05),	1057	
110	(8.47562e-05),	1249	
110	(8.47562e-05),	1431	
111	(8.55267e-05),	204	
111	(8.55267e-05),	1370	
112	(8.62972e-05),	657	
112	(8.62972e-05),	1081	
113	(8.70677e-05),	1322	
113	(8.70677e-05),	1388	
113	(8.70677e-05),	1415	
115	(8.86088e-05),	527	
115	(8.86088e-05),	530	
115	(8.86088e-05),	764	
115	(8.86088e-05),	947	
116	(8.93793e-05),	264	
116	(8.93793e-05),	371	
116	(8.93793e-05),	552	
117	(9.01498e-05),	599	
118	(9.09203e-05),	390	
118	(9.09203e-05),	1424	
119	(9.16908e-05),	438	
119	(9.16908e-05),	624	
119	(9.16908e-05),	876	
119	(9.16908e-05),	1176	
119	(9.16908e-05),	1222	
120	(9.24613e-05),	965	
121	(9.32318e-05),	456	
122	(9.40023e-05),	937	
123	(9.47729e-05),	449	
123	(9.47729e-05),	551	
123	(9.47729e-05),	915	
123	(9.47729e-05),	1103	
123	(9.47729e-05),	1405	
124	(9.55434e-05),	203	
125	(9.63139e-05),	534	
125	(9.63139e-05),	889	
126	(9.70844e-05),	928	
127	(9.78549e-05),	50	
127	(9.78549e-05),	219	
127	(9.78549e-05),	663	
128	(9.86254e-05),	221	
128	(9.86254e-05),	678	
129	(9.93959e-05),	1257	
130	(0.000100166),	609	
131	(0.000100937),	886	
131	(0.000100937),	1073	
132	(0.000101707),	829	
132	(0.000101707),	1091	
133	(0.000102478),	1570	
134	(0.000103248),	697	
134	(0.000103248),	719	
134	(0.000103248),	1234	
134	(0.000103248),	1324	
134	(0.000103248),	1478	
135	(0.000104019),	514	
135	(0.000104019),	649	
135	(0.000104019),	771	
135	(0.000104019),	875	
135	(0.000104019),	1096	
136	(0.000104789),	1423	
136	(0.000104789),	1428	
137	(0.00010556),	183	
137	(0.00010556),	1582	
138	(0.000106331),	723	
138	(0.000106331),	1624	
139	(0.000107101),	1062	
140	(0.000107872),	635	
140	(0.000107872),	754	
141	(0.000108642),	474	
142	(0.000109413),	1270	
143	(0.000110183),	382	
143	(0.000110183),	970	
143	(0.000110183),	1070	
143	(0.000110183),	1400	
143	(0.000110183),	1489	
144	(0.000110954),	63	
145	(0.000111724),	223	
145	(0.000111724),	381	
145	(0.000111724),	1232	
145	(0.000111724),	1553	
146	(0.000112495),	845	
147	(0.000113265),	1307	
148	(0.000114036),	215	
148	(0.000114036),	680	
148	(0.000114036),	769	
148	(0.000114036),	1577	
150	(0.000115577),	506	
150	(0.000115577),	1192	
151	(0.000116347),	528	
151	(0.000116347),	1099	
152	(0.000117118),	258	
152	(0.000117118),	590	
153	(0.000117888),	358	
153	(0.000117888),	887	
153	(0.000117888),	1352	
153	(0.000117888),	1358	
153	(0.000117888),	1379	
154	(0.000118659),	200	
154	(0.000118659),	260	
154	(0.000118659),	1076	
154	(0.000118659),	1114	
154	(0.000118659),	1191	
155	(0.000119429),	86	
155	(0.000119429),	1083	
156	(0.0001202),	196	
156	(0.0001202),	613	
156	(0.0001202),	841	
156	(0.0001202),	1040	
156	(0.0001202),	1174	
156	(0.0001202),	1418	
157	(0.00012097),	524	
159	(0.000122511),	619	
159	(0.000122511),	1226	
159	(0.000122511),	1502	
160	(0.000123282),	1035	
161	(0.000124052),	306	
161	(0.000124052),	385	
161	(0.000124052),	1329	
162	(0.000124823),	174	
162	(0.000124823),	838	
162	(0.000124823),	1525	
164	(0.000126364),	1066	
164	(0.000126364),	1633	
165	(0.000127134),	315	
165	(0.000127134),	1030	
165	(0.000127134),	1397	
166	(0.000127905),	79	
166	(0.000127905),	134	
166	(0.000127905),	578	
167	(0.000128675),	1218	
167	(0.000128675),	1644	
168	(0.000129446),	77	
169	(0.000130216),	922	
169	(0.000130216),	1120	
169	(0.000130216),	1359	
171	(0.000131757),	634	
171	(0.000131757),	1023	
172	(0.000132528),	1351	
173	(0.000133298),	453	
173	(0.000133298),	1266	
174	(0.000134069),	535	
174	(0.000134069),	1262	
175	(0.000134839),	543	
176	(0.00013561),	1195	
176	(0.00013561),	1214	
176	(0.00013561),	1622	
176	(0.00013561),	1629	
177	(0.00013638),	450	
177	(0.00013638),	679	
177	(0.00013638),	1198	
177	(0.00013638),	1201	
177	(0.00013638),	1646	
178	(0.000137151),	911	
178	(0.000137151),	1383	
178	(0.000137151),	1604	
180	(0.000138692),	448	
180	(0.000138692),	926	
180	(0.000138692),	1188	
180	(0.000138692),	1531	
181	(0.000139462),	505	
181	(0.000139462),	677	
182	(0.000140233),	1512	
185	(0.000142545),	523	
185	(0.000142545),	827	
185	(0.000142545),	1279	
186	(0.000143315),	608	
186	(0.000143315),	796	
187	(0.000144086),	72	
187	(0.000144086),	462	
187	(0.000144086),	1068	
188	(0.000144856),	409	
188	(0.000144856),	582	
188	(0.000144856),	773	
188	(0.000144856),	1250	
188	(0.000144856),	1643	
189	(0.000145627),	367	
189	(0.000145627),	499	
189	(0.000145627),	526	
189	(0.000145627),	843	
189	(0.000145627),	1203	
191	(0.000147168),	21	
191	(0.000147168),	817	
191	(0.000147168),	955	
191	(0.000147168),	1184	
191	(0.000147168),	1493	
192	(0.000147938),	805	
192	(0.000147938),	1304	
192	(0.000147938),	1378	
193	(0.000148709),	326	
193	(0.000148709),	927	
195	(0.00015025),	68	
195	(0.00015025),	401	
195	(0.00015025),	1460	
196	(0.00015102),	197	
196	(0.00015102),	554	
196	(0.00015102),	1330	
197	(0.000151791),	934	
197	(0.000151791),	1221	
199	(0.000153332),	542	
199	(0.000153332),	1391	
200	(0.000154102),	1491	
201	(0.000154873),	241	
201	(0.000154873),	363	
201	(0.000154873),	821	
201	(0.000154873),	933	
201	(0.000154873),	1342	
202	(0.000155643),	325	
202	(0.000155643),	1364	
204	(0.000157184),	1044	
205	(0.000157955),	233	
206	(0.000158725),	80	
206	(0.000158725),	596	
206	(0.000158725),	1504	
206	(0.000158725),	1586	
208	(0.000160266),	1583	
209	(0.000161037),	824	
209	(0.000161037),	851	
210	(0.000161807),	18	
210	(0.000161807),	47	
210	(0.000161807),	497	
211	(0.000162578),	259	
211	(0.000162578),	1368	
212	(0.000163348),	562	
212	(0.000163348),	664	
213	(0.000164119),	296	
213	(0.000164119),	379	
213	(0.000164119),	427	
213	(0.000164119),	1002	
213	(0.000164119),	1483	
214	(0.000164889),	1074	
215	(0.00016566),	1207	
215	(0.00016566),	1283	
215	(0.00016566),	1433	
216	(0.00016643),	944	
216	(0.00016643),	1407	
217	(0.000167201),	735	
217	(0.000167201),	1235	
217	(0.000167201),	1464	
217	(0.000167201),	1638	
218	(0.000167971),	661	
218	(0.000167971),	1394	
218	(0.000167971),	1626	
219	(0.000168742),	1292	
220	(0.000169512),	356	
221	(0.000170283),	49	
221	(0.000170283),	797	
221	(0.000170283),	1409	
222	(0.000171053),	311	
222	(0.000171053),	882	
222	(0.000171053),	1258	
223	(0.000171824),	96	
223	(0.000171824),	706	
223	(0.000171824),	897	
223	(0.000171824),	1649	
224	(0.000172594),	768	
224	(0.000172594),	1209	
225	(0.000173365),	718	
225	(0.000173365),	1039	
226	(0.000174135),	1420	
227	(0.000174906),	164	
227	(0.000174906),	994	
228	(0.000175677),	430	
228	(0.000175677),	755	
229	(0.000176447),	301	
229	(0.000176447),	637	
229	(0.000176447),	1473	
229	(0.000176447),	1555	
229	(0.000176447),	1581	
229	(0.000176447),	1608	
229	(0.000176447),	1614	
230	(0.000177218),	1098	
230	(0.000177218),	1236	
231	(0.000177988),	964	
231	(0.000177988),	1228	
231	(0.000177988),	1467	
231	(0.000177988),	1601	
232	(0.000178759),	473	
233	(0.000179529),	198	
233	(0.000179529),	330	
233	(0.000179529),	621	
233	(0.000179529),	752	
233	(0.000179529),	1028	
233	(0.000179529),	1471	
233	(0.000179529),	1517	
233	(0.000179529),	1605	
234	(0.0001803),	302	
234	(0.0001803),	478	
234	(0.0001803),	564	
234	(0.0001803),	852	
234	(0.0001803),	1148	
234	(0.0001803),	1573	
235	(0.00018107),	7	
235	(0.00018107),	1613	
236	(0.000181841),	972	
237	(0.000182611),	593	
237	(0.000182611),	790	
237	(0.000182611),	932	
238	(0.000183382),	59	
238	(0.000183382),	459	
238	(0.000183382),	1060	
239	(0.000184152),	74	
239	(0.000184152),	800	
240	(0.000184923),	1653	
241	(0.000185693),	669	
241	(0.000185693),	891	
241	(0.000185693),	1067	
242	(0.000186464),	1357	
243	(0.000187234),	859	
243	(0.000187234),	1354	
243	(0.000187234),	1372	
243	(0.000187234),	1527	
244	(0.000188005),	250	
244	(0.000188005),	853	
245	(0.000188775),	209	
245	(0.000188775),	1327	
246	(0.000189546),	498	
246	(0.000189546),	879	
246	(0.000189546),	1167	
247	(0.000190316),	23	
247	(0.000190316),	636	
247	(0.000190316),	727	
247	(0.000190316),	931	
248	(0.000191087),	69	
248	(0.000191087),	160	
248	(0.000191087),	966	
248	(0.000191087),	1004	
249	(0.000191857),	144	
249	(0.000191857),	885	
249	(0.000191857),	1150	
250	(0.000192628),	1193	
250	(0.000192628),	1571	
251	(0.000193398),	43	
251	(0.000193398),	103	
251	(0.000193398),	216	
251	(0.000193398),	990	
251	(0.000193398),	1343	
252	(0.000194169),	173	
252	(0.000194169),	656	
252	(0.000194169),	1233	
252	(0.000194169),	1495	
253	(0.000194939),	34	
253	(0.000194939),	313	
253	(0.000194939),	1211	
253	(0.000194939),	1261	
254	(0.00019571),	1425	
255	(0.00019648),	765	
255	(0.00019648),	983	
255	(0.00019648),	1533	
256	(0.000197251),	1170	
256	(0.000197251),	1374	
257	(0.000198021),	323	
257	(0.000198021),	407	
257	(0.000198021),	465	
257	(0.000198021),	717	
258	(0.000198792),	532	
258	(0.000198792),	691	
258	(0.000198792),	712	
258	(0.000198792),	815	
258	(0.000198792),	977	
258	(0.000198792),	1311	
259	(0.000199562),	1455	
259	(0.000199562),	1509	
260	(0.000200333),	643	
260	(0.000200333),	1025	
260	(0.000200333),	1049	
261	(0.000201103),	766	
261	(0.000201103),	1463	
262	(0.000201874),	81	
262	(0.000201874),	246	
262	(0.000201874),	1319	
263	(0.000202644),	99	
263	(0.000202644),	145	
263	(0.000202644),	360	
263	(0.000202644),	601	
264	(0.000203415),	426	
264	(0.000203415),	880	
264	(0.000203415),	905	
265	(0.000204185),	73	
265	(0.000204185),	101	
265	(0.000204185),	1616	
266	(0.000204956),	1210	
267	(0.000205726),	917	
267	(0.000205726),	1237	
268	(0.000206497),	22	
268	(0.000206497),	1437	
269	(0.000207267),	529	
269	(0.000207267),	699	
269	(0.000207267),	1127	
269	(0.000207267),	1390	
270	(0.000208038),	287	
270	(0.000208038),	770	
270	(0.000208038),	1032	
271	(0.000208808),	366	
272	(0.000209579),	75	
272	(0.000209579),	406	
272	(0.000209579),	570	
272	(0.000209579),	1086	
272	(0.000209579),	1132	
272	(0.000209579),	1190	
273	(0.00021035),	998	
273	(0.00021035),	1041	
273	(0.00021035),	1253	
273	(0.00021035),	1523	
274	(0.00021112),	107	
274	(0.00021112),	660	
275	(0.000211891),	732	
275	(0.000211891),	1084	
276	(0.000212661),	842	
276	(0.000212661),	1182	
276	(0.000212661),	1355	
277	(0.000213432),	33	
277	(0.000213432),	324	
277	(0.000213432),	377	
277	(0.000213432),	480	
277	(0.000213432),	666	
277	(0.000213432),	707	
278	(0.000214202),	418	
279	(0.000214973),	1123	
279	(0.000214973),	1331	
280	(0.000215743),	141	
280	(0.000215743),	255	
280	(0.000215743),	849	
280	(0.000215743),	1585	
281	(0.000216514),	319	
281	(0.000216514),	703	
281	(0.000216514),	1574	
282	(0.000217284),	753	
282	(0.000217284),	767	
282	(0.000217284),	1189	
282	(0.000217284),	1318	
282	(0.000217284),	1449	
283	(0.000218055),	180	
283	(0.000218055),	630	
283	(0.000218055),	1486	
284	(0.000218825),	70	
284	(0.000218825),	600	
284	(0.000218825),	991	
284	(0.000218825),	1171	
284	(0.000218825),	1432	
285	(0.000219596),	384	
285	(0.000219596),	781	
285	(0.000219596),	1126	
285	(0.000219596),	1316	
285	(0.000219596),	1353	
287	(0.000221137),	1412	
287	(0.000221137),	1594	
291	(0.000224219),	238	
291	(0.000224219),	1457	
292	(0.000224989),	434	
292	(0.000224989),	1640	
293	(0.00022576),	589	
293	(0.00022576),	757	
293	(0.00022576),	940	
294	(0.00022653),	1225	
294	(0.00022653),	1306	
295	(0.000227301),	577	
295	(0.000227301),	1200	
296	(0.000228071),	690	
296	(0.000228071),	1373	
297	(0.000228842),	567	
297	(0.000228842),	1333	
297	(0.000228842),	1572	
298	(0.000229612),	277	
298	(0.000229612),	492	
299	(0.000230383),	88	
299	(0.000230383),	388	
299	(0.000230383),	1022	
300	(0.000231153),	495	
300	(0.000231153),	549	
300	(0.000231153),	731	
301	(0.000231924),	147	
303	(0.000233465),	279	
303	(0.000233465),	1284	
305	(0.000235006),	413	
305	(0.000235006),	617	
305	(0.000235006),	684	
305	(0.000235006),	1434	
305	(0.000235006),	1642	
306	(0.000235776),	724	
306	(0.000235776),	1514	
307	(0.000236547),	420	
307	(0.000236547),	1019	
307	(0.000236547),	1652	
308	(0.000237317),	71	
308	(0.000237317),	1526	
309	(0.000238088),	863	
309	(0.000238088),	909	
309	(0.000238088),	1532	
310	(0.000238858),	57	
310	(0.000238858),	952	
310	(0.000238858),	989	
310	(0.000238858),	1589	
311	(0.000239629),	163	
311	(0.000239629),	1259	
311	(0.000239629),	1497	
312	(0.000240399),	84	
312	(0.000240399),	1115	
312	(0.000240399),	1393	
312	(0.000240399),	1559	
313	(0.00024117),	389	
313	(0.00024117),	1248	
313	(0.00024117),	1275	
315	(0.000242711),	1560	
316	(0.000243481),	1496	
317	(0.000244252),	1072	
317	(0.000244252),	1240	
317	(0.000244252),	1444	
318	(0.000245022),	304	
318	(0.000245022),	1230	
318	(0.000245022),	1332	
318	(0.000245022),	1356	
319	(0.000245793),	622	
319	(0.000245793),	912	
319	(0.000245793),	1095	
319	(0.000245793),	1362	
319	(0.000245793),	1590	
320	(0.000246564),	24	
320	(0.000246564),	555	
320	(0.000246564),	695	
321	(0.000247334),	229	
321	(0.000247334),	404	
321	(0.000247334),	1565	
323	(0.000248875),	357	
323	(0.000248875),	878	
323	(0.000248875),	1187	
324	(0.000249646),	298	
325	(0.000250416),	725	
325	(0.000250416),	865	
325	(0.000250416),	1282	
326	(0.000251187),	1528	
326	(0.000251187),	1536	
327	(0.000251957),	1348	
327	(0.000251957),	1385	
328	(0.000252728),	108	
328	(0.000252728),	704	
328	(0.000252728),	750	
328	(0.000252728),	798	
328	(0.000252728),	799	
328	(0.000252728),	1033	
329	(0.000253498),	520	
329	(0.000253498),	689	
329	(0.000253498),	1384	
330	(0.000254269),	128	
330	(0.000254269),	807	
330	(0.000254269),	1180	
330	(0.000254269),	1213	
331	(0.000255039),	1499	
331	(0.000255039),	1596	
332	(0.00025581),	234	
332	(0.00025581),	839	
332	(0.00025581),	1339	
333	(0.00025658),	544	
333	(0.00025658),	1224	
334	(0.000257351),	202	
335	(0.000258121),	27	
335	(0.000258121),	586	
336	(0.000258892),	614	
337	(0.000259662),	775	
337	(0.000259662),	1289	
337	(0.000259662),	1628	
338	(0.000260433),	1265	
338	(0.000260433),	1621	
338	(0.000260433),	1648	
339	(0.000261203),	1413	
339	(0.000261203),	1592	
340	(0.000261974),	548	
340	(0.000261974),	1231	
340	(0.000261974),	1546	
341	(0.000262744),	633	
341	(0.000262744),	822	
341	(0.000262744),	1158	
342	(0.000263515),	1206	
343	(0.000264285),	1382	
343	(0.000264285),	1569	
344	(0.000265056),	37	
344	(0.000265056),	501	
344	(0.000265056),	648	
344	(0.000265056),	988	
344	(0.000265056),	1144	
345	(0.000265826),	5	
345	(0.000265826),	199	
345	(0.000265826),	222	
346	(0.000266597),	16	
346	(0.000266597),	148	
346	(0.000266597),	240	
346	(0.000266597),	1108	
346	(0.000266597),	1109	
347	(0.000267367),	92	
347	(0.000267367),	245	
347	(0.000267367),	929	
347	(0.000267367),	1110	
348	(0.000268138),	380	
348	(0.000268138),	410	
348	(0.000268138),	1280	
349	(0.000268908),	295	
349	(0.000268908),	580	
349	(0.000268908),	646	
350	(0.000269679),	132	
351	(0.000270449),	1524	
352	(0.00027122),	584	
352	(0.00027122),	681	
352	(0.00027122),	1219	
353	(0.00027199),	56	
353	(0.00027199),	881	
354	(0.000272761),	1183	
354	(0.000272761),	1520	
355	(0.000273531),	150	
355	(0.000273531),	574	
355	(0.000273531),	1320	
355	(0.000273531),	1487	
355	(0.000273531),	1620	
356	(0.000274302),	560	
356	(0.000274302),	1024	
356	(0.000274302),	1119	
357	(0.000275072),	1010	
357	(0.000275072),	1296	
358	(0.000275843),	595	
359	(0.000276613),	525	
360	(0.000277384),	100	
360	(0.000277384),	553	
361	(0.000278154),	620	
361	(0.000278154),	812	
361	(0.000278154),	1365	
362	(0.000278925),	888	
362	(0.000278925),	1136	
363	(0.000279695),	1050	
365	(0.000281237),	361	
365	(0.000281237),	517	
365	(0.000281237),	1255	
366	(0.000282007),	129	
366	(0.000282007),	565	
366	(0.000282007),	721	
368	(0.000283548),	439	
368	(0.000283548),	1064	
370	(0.000285089),	594	
370	(0.000285089),	1194	
371	(0.00028586),	1159	
372	(0.00028663),	1278	
375	(0.000288942),	257	
375	(0.000288942),	1013	
376	(0.000289712),	1065	
377	(0.000290483),	659	
379	(0.000292024),	1005	
380	(0.000292794),	333	
380	(0.000292794),	834	
381	(0.000293565),	201	
383	(0.000295106),	1056	
383	(0.000295106),	1077	
384	(0.000295876),	65	
386	(0.000297417),	122	
387	(0.000298188),	105	
387	(0.000298188),	557	
388	(0.000298958),	444	
388	(0.000298958),	685	
388	(0.000298958),	693	
388	(0.000298958),	1488	
389	(0.000299729),	1537	
390	(0.000300499),	1048	
391	(0.00030127),	278	
391	(0.00030127),	985	
392	(0.00030204),	378	
393	(0.000302811),	1297	
393	(0.000302811),	1411	
393	(0.000302811),	1539	
394	(0.000303581),	738	
395	(0.000304352),	1009	
395	(0.000304352),	1321	
395	(0.000304352),	1458	
396	(0.000305122),	1131	
396	(0.000305122),	1548	
397	(0.000305893),	52	
397	(0.000305893),	350	
397	(0.000305893),	1162	
397	(0.000305893),	1623	
398	(0.000306663),	1326	
398	(0.000306663),	1610	
399	(0.000307434),	729	
400	(0.000308204),	60	
401	(0.000308975),	1256	
404	(0.000311286),	1323	
406	(0.000312827),	1337	
408	(0.000314368),	40	
409	(0.000315139),	1416	
409	(0.000315139),	1625	
410	(0.00031591),	1566	
411	(0.00031668),	90	
411	(0.00031668),	421	
411	(0.00031668),	1128	
412	(0.000317451),	747	
412	(0.000317451),	823	
412	(0.000317451),	1168	
412	(0.000317451),	1205	
413	(0.000318221),	776	
413	(0.000318221),	1598	
417	(0.000321303),	51	
417	(0.000321303),	787	
417	(0.000321303),	868	
418	(0.000322074),	314	
418	(0.000322074),	628	
419	(0.000322844),	133	
419	(0.000322844),	961	
420	(0.000323615),	178	
420	(0.000323615),	374	
420	(0.000323615),	667	
421	(0.000324385),	655	
422	(0.000325156),	1059	
422	(0.000325156),	1361	
422	(0.000325156),	1543	
423	(0.000325926),	1061	
424	(0.000326697),	214	
425	(0.000327467),	1310	
426	(0.000328238),	1580	
427	(0.000329008),	1344	
428	(0.000329779),	772	
428	(0.000329779),	1484	
428	(0.000329779),	1564	
430	(0.00033132),	1389	
431	(0.00033209),	531	
431	(0.00033209),	1155	
432	(0.000332861),	1645	
433	(0.000333631),	248	
433	(0.000333631),	460	
433	(0.000333631),	789	
435	(0.000335172),	615	
435	(0.000335172),	654	
435	(0.000335172),	665	
435	(0.000335172),	1185	
435	(0.000335172),	1369	
436	(0.000335943),	263	
437	(0.000336713),	126	
437	(0.000336713),	391	
437	(0.000336713),	579	
437	(0.000336713),	1336	
437	(0.000336713),	1396	
438	(0.000337484),	347	
439	(0.000338254),	267	
439	(0.000338254),	425	
439	(0.000338254),	1036	
440	(0.000339025),	811	
440	(0.000339025),	1591	
441	(0.000339795),	587	
441	(0.000339795),	1630	
444	(0.000342107),	212	
444	(0.000342107),	500	
444	(0.000342107),	1017	
445	(0.000342877),	1606	
446	(0.000343648),	305	
446	(0.000343648),	1459	
447	(0.000344418),	676	
448	(0.000345189),	1381	
449	(0.000345959),	561	
450	(0.00034673),	606	
450	(0.00034673),	1309	
450	(0.00034673),	1513	
451	(0.0003475),	38	
451	(0.0003475),	194	
452	(0.000348271),	399	
452	(0.000348271),	405	
452	(0.000348271),	857	
452	(0.000348271),	1078	
453	(0.000349041),	83	
454	(0.000349812),	139	
454	(0.000349812),	195	
455	(0.000350583),	760	
456	(0.000351353),	1052	
456	(0.000351353),	1436	
457	(0.000352124),	1264	
458	(0.000352894),	402	
460	(0.000354435),	792	
460	(0.000354435),	833	
461	(0.000355206),	1442	
461	(0.000355206),	1563	
462	(0.000355976),	1534	
463	(0.000356747),	362	
463	(0.000356747),	563	
463	(0.000356747),	855	
463	(0.000356747),	1117	
463	(0.000356747),	1406	
463	(0.000356747),	1588	
465	(0.000358288),	309	
465	(0.000358288),	547	
465	(0.000358288),	1217	
467	(0.000359829),	1335	
468	(0.000360599),	35	
468	(0.000360599),	213	
468	(0.000360599),	348	
468	(0.000360599),	950	
469	(0.00036137),	987	
470	(0.00036214),	12	
470	(0.00036214),	124	
470	(0.00036214),	308	
472	(0.000363681),	736	
473	(0.000364452),	1047	
474	(0.000365222),	575	
474	(0.000365222),	1094	
474	(0.000365222),	1286	
475	(0.000365993),	210	
475	(0.000365993),	509	
475	(0.000365993),	1453	
476	(0.000366763),	98	
476	(0.000366763),	207	
477	(0.000367534),	1093	
478	(0.000368304),	954	
478	(0.000368304),	1600	
479	(0.000369075),	856	
480	(0.000369845),	1607	
481	(0.000370616),	19	
481	(0.000370616),	104	
483	(0.000372157),	118	
483	(0.000372157),	559	
484	(0.000372927),	451	
485	(0.000373698),	726	
485	(0.000373698),	1133	
485	(0.000373698),	1246	
486	(0.000374468),	168	
486	(0.000374468),	1530	
487	(0.000375239),	76	
487	(0.000375239),	688	
488	(0.000376009),	546	
488	(0.000376009),	1238	
489	(0.00037678),	151	
489	(0.00037678),	270	
489	(0.00037678),	432	
489	(0.00037678),	644	
489	(0.00037678),	919	
489	(0.00037678),	1456	
490	(0.00037755),	907	
492	(0.000379091),	572	
492	(0.000379091),	1554	
496	(0.000382173),	793	
497	(0.000382944),	232	
497	(0.000382944),	585	
497	(0.000382944),	1547	
498	(0.000383714),	713	
499	(0.000384485),	266	
499	(0.000384485),	1535	
500	(0.000385256),	217	
501	(0.000386026),	816	
501	(0.000386026),	951	
502	(0.000386797),	218	
502	(0.000386797),	1521	
503	(0.000387567),	1392	
503	(0.000387567),	1430	
504	(0.000388338),	415	
504	(0.000388338),	1313	
505	(0.000389108),	1143	
506	(0.000389879),	502	
506	(0.000389879),	1295	
506	(0.000389879),	1550	
508	(0.00039142),	299	
508	(0.00039142),	1545	
510	(0.000392961),	162	
510	(0.000392961),	533	
511	(0.000393731),	29	
511	(0.000393731),	106	
511	(0.000393731),	1618	
512	(0.000394502),	1340	
513	(0.000395272),	810	
515	(0.000396813),	1490	
515	(0.000396813),	1611	
517	(0.000398354),	647	
517	(0.000398354),	1281	
518	(0.000399125),	603	
519	(0.000399895),	1204	
520	(0.000400666),	1163	
522	(0.000402207),	281	
523	(0.000402977),	121	
523	(0.000402977),	161	
523	(0.000402977),	1285	
523	(0.000402977),	1575	
526	(0.000405289),	973	
526	(0.000405289),	1054	
527	(0.000406059),	64	
527	(0.000406059),	494	
527	(0.000406059),	1202	
527	(0.000406059),	1518	
529	(0.0004076),	493	
530	(0.000408371),	131	
530	(0.000408371),	512	
530	(0.000408371),	1647	
532	(0.000409912),	31	
532	(0.000409912),	1274	
532	(0.000409912),	1468	
535	(0.000412223),	804	
536	(0.000412994),	1538	
537	(0.000413764),	486	
538	(0.000414535),	443	
538	(0.000414535),	1042	
539	(0.000415305),	368	
540	(0.000416076),	1477	
541	(0.000416846),	698	
542	(0.000417617),	687	
543	(0.000418387),	1018	
544	(0.000419158),	1338	
545	(0.000419928),	746	
546	(0.000420699),	1561	
547	(0.00042147),	464	
547	(0.00042147),	611	
549	(0.000423011),	1051	
550	(0.000423781),	536	
552	(0.000425322),	641	
553	(0.000426093),	1177	
554	(0.000426863),	1287	
555	(0.000427634),	1395	
556	(0.000428404),	169	
556	(0.000428404),	1112	
557	(0.000429175),	256	
558	(0.000429945),	507	
558	(0.000429945),	720	
558	(0.000429945),	739	
559	(0.000430716),	112	
560	(0.000431486),	550	
560	(0.000431486),	1007	
560	(0.000431486),	1549	
561	(0.000432257),	1038	
562	(0.000433027),	400	
562	(0.000433027),	513	
563	(0.000433798),	224	
563	(0.000433798),	1001	
563	(0.000433798),	1087	
564	(0.000434568),	127	
564	(0.000434568),	953	
564	(0.000434568),	1401	
565	(0.000435339),	110	
565	(0.000435339),	558	
565	(0.000435339),	1046	
565	(0.000435339),	1175	
565	(0.000435339),	1578	
566	(0.000436109),	901	
567	(0.00043688),	1251	
569	(0.000438421),	85	
569	(0.000438421),	662	
570	(0.000439191),	303	
570	(0.000439191),	398	
571	(0.000439962),	316	
572	(0.000440732),	208	
573	(0.000441503),	48	
573	(0.000441503),	113	
573	(0.000441503),	895	
573	(0.000441503),	1519	
573	(0.000441503),	1556	
575	(0.000443044),	412	
576	(0.000443814),	1609	
579	(0.000446126),	140	
580	(0.000446896),	1063	
581	(0.000447667),	365	
581	(0.000447667),	503	
581	(0.000447667),	1015	
581	(0.000447667),	1627	
582	(0.000448437),	440	
582	(0.000448437),	803	
582	(0.000448437),	1505	
583	(0.000449208),	205	
585	(0.000450749),	818	
587	(0.00045229),	986	
589	(0.000453831),	55	
589	(0.000453831),	181	
589	(0.000453831),	1276	
590	(0.000454601),	976	
591	(0.000455372),	253	
591	(0.000455372),	652	
592	(0.000456143),	152	
592	(0.000456143),	336	
593	(0.000456913),	53	
593	(0.000456913),	958	
595	(0.000458454),	761	
595	(0.000458454),	1122	
595	(0.000458454),	1300	
595	(0.000458454),	1308	
598	(0.000460766),	67	
598	(0.000460766),	1043	
599	(0.000461536),	1414	
600	(0.000462307),	1130	
601	(0.000463077),	153	
601	(0.000463077),	416	
601	(0.000463077),	1438	
601	(0.000463077),	1593	
602	(0.000463848),	45	
602	(0.000463848),	1154	
602	(0.000463848),	1408	
604	(0.000465389),	125	
607	(0.0004677),	251	
607	(0.0004677),	1003	
610	(0.000470012),	284	
611	(0.000470782),	1551	
612	(0.000471553),	784	
613	(0.000472323),	479	
613	(0.000472323),	1429	
616	(0.000474635),	515	
617	(0.000475405),	539	
618	(0.000476176),	1399	
619	(0.000476946),	1510	
620	(0.000477717),	938	
621	(0.000478487),	117	
621	(0.000478487),	343	
621	(0.000478487),	943	
622	(0.000479258),	463	
623	(0.000480028),	310	
623	(0.000480028),	785	
626	(0.00048234),	967	
626	(0.00048234),	1312	
628	(0.000483881),	461	
628	(0.000483881),	1552	
629	(0.000484651),	158	
629	(0.000484651),	511	
630	(0.000485422),	283	
632	(0.000486963),	54	
633	(0.000487733),	242	
633	(0.000487733),	467	
633	(0.000487733),	604	
633	(0.000487733),	778	
635	(0.000489274),	328	
636	(0.000490045),	468	
636	(0.000490045),	1482	
637	(0.000490816),	670	
638	(0.000491586),	741	
639	(0.000492357),	1603	
640	(0.000493127),	1045	
641	(0.000493898),	592	
642	(0.000494668),	403	
642	(0.000494668),	472	
644	(0.000496209),	114	
645	(0.00049698),	322	
647	(0.000498521),	1440	
649	(0.000500062),	28	
650	(0.000500832),	1465	
651	(0.000501603),	244	
652	(0.000502373),	408	
652	(0.000502373),	963	
653	(0.000503144),	62	
654	(0.000503914),	992	
655	(0.000504685),	340	
657	(0.000506226),	8	
658	(0.000506996),	271	
659	(0.000507767),	1446	
660	(0.000508537),	353	
660	(0.000508537),	1101	
661	(0.000509308),	1138	
661	(0.000509308),	1579	
662	(0.000510078),	165	
663	(0.000510849),	469	
664	(0.000511619),	411	
665	(0.00051239),	519	
666	(0.00051316),	892	
667	(0.000513931),	175	
667	(0.000513931),	522	
667	(0.000513931),	1082	
671	(0.000517013),	1516	
672	(0.000517783),	640	
672	(0.000517783),	980	
673	(0.000518554),	1020	
673	(0.000518554),	1345	
676	(0.000520865),	386	
677	(0.000521636),	300	
678	(0.000522406),	902	
682	(0.000525489),	864	
683	(0.000526259),	962	
683	(0.000526259),	1102	
683	(0.000526259),	1152	
683	(0.000526259),	1350	
685	(0.0005278),	82	
685	(0.0005278),	854	
686	(0.000528571),	1079	
688	(0.000530112),	143	
688	(0.000530112),	1567	
690	(0.000531653),	94	
691	(0.000532423),	344	
691	(0.000532423),	862	
695	(0.000535505),	734	
696	(0.000536276),	375	
697	(0.000537046),	320	
698	(0.000537817),	470	
698	(0.000537817),	650	
698	(0.000537817),	779	
699	(0.000538587),	1599	
700	(0.000539358),	191	
700	(0.000539358),	1116	
701	(0.000540128),	1506	
703	(0.000541669),	733	
704	(0.00054244),	942	
706	(0.000543981),	1156	
707	(0.000544751),	867	
707	(0.000544751),	1012	
708	(0.000545522),	46	
709	(0.000546292),	1541	
711	(0.000547833),	1008	
712	(0.000548604),	625	
713	(0.000549374),	598	
713	(0.000549374),	1263	
715	(0.000550915),	123	
715	(0.000550915),	1149	
715	(0.000550915),	1272	
716	(0.000551686),	1229	
716	(0.000551686),	1271	
719	(0.000553997),	569	
720	(0.000554768),	1227	
720	(0.000554768),	1576	
722	(0.000556309),	1097	
723	(0.000557079),	1053	
724	(0.00055785),	1137	
724	(0.00055785),	1584	
725	(0.00055862),	949	
726	(0.000559391),	354	
726	(0.000559391),	758	
726	(0.000559391),	869	
727	(0.000560161),	1134	
728	(0.000560932),	993	
729	(0.000561703),	1169	
730	(0.000562473),	1347	
730	(0.000562473),	1439	
731	(0.000563244),	956	
732	(0.000564014),	545	
732	(0.000564014),	1092	
733	(0.000564785),	1435	
734	(0.000565555),	170	
736	(0.000567096),	975	
736	(0.000567096),	1000	
738	(0.000568637),	424	
739	(0.000569408),	918	
741	(0.000570949),	61	
741	(0.000570949),	156	
742	(0.000571719),	945	
744	(0.00057326),	1172	
746	(0.000574801),	696	
748	(0.000576342),	844	
750	(0.000577883),	95	
750	(0.000577883),	254	
752	(0.000579424),	974	
753	(0.000580195),	243	
753	(0.000580195),	1140	
754	(0.000580965),	1288	
755	(0.000581736),	668	
756	(0.000582506),	1107	
756	(0.000582506),	1208	
757	(0.000583277),	1466	
758	(0.000584047),	66	
758	(0.000584047),	846	
758	(0.000584047),	893	
759	(0.000584818),	1197	
760	(0.000585588),	457	
761	(0.000586359),	745	
762	(0.000587129),	518	
762	(0.000587129),	1055	
764	(0.00058867),	814	
767	(0.000590982),	521	
768	(0.000591752),	566	
768	(0.000591752),	645	
768	(0.000591752),	1118	
770	(0.000593293),	179	
774	(0.000596376),	452	
774	(0.000596376),	1540	
775	(0.000597146),	556	
776	(0.000597917),	959	
777	(0.000598687),	1612	
779	(0.000600228),	568	
782	(0.00060254),	1454	
784	(0.000604081),	744	
785	(0.000604851),	445	
785	(0.000604851),	1597	
787	(0.000606392),	39	
787	(0.000606392),	616	
788	(0.000607163),	605	
788	(0.000607163),	774	
790	(0.000608704),	873	
792	(0.000610245),	370	
792	(0.000610245),	837	
794	(0.000611786),	352	
796	(0.000613327),	802	
797	(0.000614097),	1334	
799	(0.000615638),	159	
799	(0.000615638),	482	
799	(0.000615638),	1161	
799	(0.000615638),	1196	
801	(0.000617179),	1470	
804	(0.000619491),	1220	
805	(0.000620261),	900	
806	(0.000621032),	4	
810	(0.000624114),	1124	
815	(0.000627966),	30	
816	(0.000628737),	694	
817	(0.000629507),	571	
817	(0.000629507),	960	
819	(0.000631049),	1029	
821	(0.00063259),	1034	
822	(0.00063336),	206	
823	(0.000634131),	702	
825	(0.000635672),	446	
825	(0.000635672),	1252	
825	(0.000635672),	1305	
830	(0.000639524),	866	
831	(0.000640295),	899	
832	(0.000641065),	135	
833	(0.000641836),	894	
836	(0.000644147),	1254	
836	(0.000644147),	1325	
837	(0.000644918),	93	
838	(0.000645688),	700	
843	(0.000649541),	261	
844	(0.000650311),	835	
844	(0.000650311),	1011	
847	(0.000652623),	249	
851	(0.000655705),	631	
852	(0.000656475),	441	
852	(0.000656475),	1129	
853	(0.000657246),	294	
854	(0.000658016),	496	
854	(0.000658016),	858	
855	(0.000658787),	786	
856	(0.000659557),	541	
856	(0.000659557),	870	
858	(0.000661098),	1111	
858	(0.000661098),	1398	
858	(0.000661098),	1595	
862	(0.00066418),	1410	
863	(0.000664951),	1165	
864	(0.000665722),	447	
865	(0.000666492),	809	
867	(0.000668033),	794	
868	(0.000668804),	1277	
870	(0.000670345),	136	
871	(0.000671115),	658	
872	(0.000671886),	373	
872	(0.000671886),	1475	
875	(0.000674197),	1113	
879	(0.000677279),	1462	
880	(0.00067805),	297	
883	(0.000680361),	686	
883	(0.000680361),	1089	
883	(0.000680361),	1303	
884	(0.000681132),	1080	
884	(0.000681132),	1404	
886	(0.000682673),	623	
886	(0.000682673),	930	
886	(0.000682673),	1088	
894	(0.000688837),	225	
895	(0.000689607),	483	
898	(0.000691919),	1146	
899	(0.000692689),	481	
900	(0.00069346),	318	
904	(0.000696542),	877	
905	(0.000697312),	1492	
907	(0.000698853),	884	
908	(0.000699624),	275	
908	(0.000699624),	629	
909	(0.000700395),	32	
911	(0.000701936),	861	
911	(0.000701936),	996	
913	(0.000703477),	1631	
915	(0.000705018),	1075	
916	(0.000705788),	491	
917	(0.000706559),	280	
918	(0.000707329),	1239	
919	(0.0007081),	581	
921	(0.000709641),	13	
922	(0.000710411),	1291	
922	(0.000710411),	1472	
925	(0.000712723),	339	
925	(0.000712723),	414	
929	(0.000715805),	138	
932	(0.000718116),	749	
933	(0.000718887),	1650	
936	(0.000721198),	293	
938	(0.000722739),	904	
942	(0.000725821),	1494	
943	(0.000726592),	607	
948	(0.000730444),	1021	
949	(0.000731215),	442	
949	(0.000731215),	1090	
951	(0.000732756),	783	
951	(0.000732756),	903	
952	(0.000733526),	345	
953	(0.000734297),	130	
953	(0.000734297),	1448	
959	(0.00073892),	291	
959	(0.00073892),	1469	
961	(0.000740461),	715	
962	(0.000741232),	252	
963	(0.000742002),	36	
964	(0.000742773),	487	
966	(0.000744314),	288	
971	(0.000748166),	335	
972	(0.000748937),	1617	
974	(0.000750478),	89	
978	(0.00075356),	1245	
981	(0.000755871),	740	
985	(0.000758953),	612	
989	(0.000762035),	743	
990	(0.000762806),	1315	
992	(0.000764347),	290	
995	(0.000766658),	454	
998	(0.00076897),	466	
999	(0.00076974),	364	
999	(0.00076974),	1587	
1001	(0.000771282),	274	
1003	(0.000772823),	14	
1003	(0.000772823),	828	
1004	(0.000773593),	334	
1005	(0.000774364),	321	
1011	(0.000778987),	1632	
1013	(0.000780528),	999	
1013	(0.000780528),	1481	
1015	(0.000782069),	1027	
1016	(0.000782839),	211	
1019	(0.000785151),	1508	
1023	(0.000788233),	489	
1027	(0.000791315),	1417	
1028	(0.000792085),	1147	
1030	(0.000793626),	111	
1030	(0.000793626),	737	
1030	(0.000793626),	969	
1030	(0.000793626),	1443	
1032	(0.000795167),	285	
1033	(0.000795938),	936	
1033	(0.000795938),	1615	
1036	(0.000798249),	247	
1040	(0.000801331),	860	
1044	(0.000804413),	1145	
1047	(0.000806725),	1164	
1050	(0.000809037),	237	
1056	(0.00081366),	87	
1056	(0.00081366),	337	
1059	(0.000815971),	176	
1059	(0.000815971),	1474	
1060	(0.000816742),	1212	
1063	(0.000819053),	995	
1064	(0.000819824),	154	
1065	(0.000820594),	1006	
1071	(0.000825217),	226	
1071	(0.000825217),	538	
1071	(0.000825217),	1104	
1074	(0.000827529),	1037	
1076	(0.00082907),	286	
1081	(0.000832922),	597	
1084	(0.000835234),	1651	
1092	(0.000841398),	149	
1093	(0.000842169),	692	
1093	(0.000842169),	1026	
1095	(0.00084371),	485	
1095	(0.00084371),	1298	
1096	(0.00084448),	1511	
1100	(0.000847562),	477	
1100	(0.000847562),	890	
1106	(0.000852185),	1447	
1107	(0.000852956),	1157	
1111	(0.000856038),	1151	
1118	(0.000861431),	510	
1119	(0.000862202),	618	
1121	(0.000863743),	671	
1131	(0.000871448),	1100	
1133	(0.000872989),	573	
1133	(0.000872989),	653	
1134	(0.000873759),	115	
1134	(0.000873759),	583	
1135	(0.00087453),	1267	
1138	(0.000876842),	177	
1138	(0.000876842),	1125	
1144	(0.000881465),	157	
1151	(0.000886858),	925	
1151	(0.000886858),	1515	
1152	(0.000887629),	119	
1152	(0.000887629),	591	
1166	(0.000898416),	1058	
1166	(0.000898416),	1498	
1167	(0.000899186),	701	
1169	(0.000900727),	239	
1172	(0.000903039),	91	
1177	(0.000906891),	142	
1177	(0.000906891),	1268	
1194	(0.00091999),	1317	
1197	(0.000922302),	329	
1198	(0.000923072),	968	
1201	(0.000925384),	1301	
1203	(0.000926925),	265	
1203	(0.000926925),	1244	
1203	(0.000926925),	1445	
1204	(0.000927695),	1479	
1208	(0.000930777),	751	
1208	(0.000930777),	763	
1210	(0.000932318),	10	
1212	(0.000933859),	997	
1218	(0.000938482),	1419	
1219	(0.000939253),	979	
1224	(0.000943105),	346	
1228	(0.000946188),	1199	
1237	(0.000953122),	883	
1238	(0.000953893),	41	
1241	(0.000956204),	1290	
1243	(0.000957745),	1135	
1251	(0.000963909),	359	
1251	(0.000963909),	759	
1258	(0.000969303),	372	
1263	(0.000973155),	1602	
1266	(0.000975467),	1016	
1269	(0.000977778),	1247	
1273	(0.000980861),	1173	
1279	(0.000985484),	728	
1284	(0.000989336),	709	
1285	(0.000990107),	146	
1287	(0.000991648),	190	
1289	(0.000993189),	317	
1289	(0.000993189),	1216	
1293	(0.000996271),	978	
1298	(0.00100012),	338	
1298	(0.00100012),	376	
1302	(0.00100321),	672	
1304	(0.00100475),	850	
1308	(0.00100783),	423	
1317	(0.00101476),	269	
1322	(0.00101862),	504	
1324	(0.00102016),	957	
1329	(0.00102401),	832	
1332	(0.00102632),	433	
1334	(0.00102786),	186	
1350	(0.00104019),	1522	
1352	(0.00104173),	1501	
1356	(0.00104481),	830	
1358	(0.00104635),	137	
1359	(0.00104712),	341	
1374	(0.00105868),	1106	
1393	(0.00107332),	1215	
1402	(0.00108026),	342	
1410	(0.00108642),	397	
1416	(0.00109104),	748	
1424	(0.00109721),	588	
1425	(0.00109798),	939	
1425	(0.00109798),	1387	
1429	(0.00110106),	871	
1429	(0.00110106),	1507	
1430	(0.00110183),	1223	
1433	(0.00110414),	642	
1435	(0.00110568),	908	
1448	(0.0011157),	638	
1451	(0.00111801),	1422	
1461	(0.00112572),	189	
1473	(0.00113496),	1299	
1490	(0.00114806),	1485	
1494	(0.00115114),	289	
1497	(0.00115345),	626	
1506	(0.00116039),	924	
1513	(0.00116578),	1293	
1519	(0.00117041),	508	
1526	(0.0011758),	639	
1531	(0.00117965),	396	
1532	(0.00118042),	819	
1538	(0.00118505),	488	
1545	(0.00119044),	1476	
1546	(0.00119121),	392	
1548	(0.00119275),	327	
1549	(0.00119352),	831	
1559	(0.00120123),	1178	
1563	(0.00120431),	610	
1571	(0.00121047),	227	
1572	(0.00121124),	116	
1577	(0.0012151),	172	
1580	(0.00121741),	710	
1588	(0.00122357),	836	
1613	(0.00124283),	11	
1622	(0.00124977),	627	
1624	(0.00125131),	42	
1640	(0.00126364),	422	
1651	(0.00127211),	332	
1658	(0.00127751),	167	
1663	(0.00128136),	1242	
1680	(0.00129446),	1480	
1682	(0.001296),	331	
1684	(0.00129754),	182	
1693	(0.00130448),	1349	
1698	(0.00130833),	3	
1703	(0.00131218),	1269	
1714	(0.00132066),	788	
1716	(0.0013222),	455	
1717	(0.00132297),	230	
1719	(0.00132451),	673	
1721	(0.00132605),	268	
1723	(0.00132759),	711	
1728	(0.00133144),	1105	
1742	(0.00134223),	847	
1752	(0.00134994),	109	
1758	(0.00135456),	192	
1765	(0.00135995),	1302	
1771	(0.00136457),	490	
1773	(0.00136612),	395	
1774	(0.00136689),	312	
1777	(0.0013692),	674	
1792	(0.00138076),	228	
1807	(0.00139231),	393	
1810	(0.00139462),	15	
1812	(0.00139617),	155	
1827	(0.00140772),	651	
1828	(0.00140849),	351	
1864	(0.00143623),	187	
1885	(0.00145241),	394	
1895	(0.00146012),	780	
1907	(0.00146936),	349	
1919	(0.00147861),	292	
1930	(0.00148709),	184	
1936	(0.00149171),	762	
1944	(0.00149787),	941	
1962	(0.00151174),	1542	
1993	(0.00153563),	417	
2003	(0.00154333),	1014	
2014	(0.00155181),	1179	
2016	(0.00155335),	471	
2025	(0.00156028),	355	
2038	(0.0015703),	872	
2045	(0.0015757),	1452	
2068	(0.00159342),	44	
2122	(0.00163502),	1346	
2173	(0.00167432),	632	
2180	(0.00167971),	307	
2214	(0.00170591),	97	
2227	(0.00171593),	235	
2256	(0.00173827),	675	
2263	(0.00174367),	276	
2277	(0.00175445),	1142	
2279	(0.00175599),	742	
2305	(0.00177603),	431	
2318	(0.00178604),	26	
2350	(0.0018107),	1500	
2406	(0.00185385),	1451	
2438	(0.00187851),	708	
2623	(0.00202105),	1402	
2625	(0.00202259),	272	
2651	(0.00204262),	273	
2657	(0.00204725),	1243	
2818	(0.0021713),	429	
2990	(0.00230383),	458	
3103	(0.0023909),	282	
3286	(0.0025319),	906	
3444	(0.00265364),	716	
3596	(0.00277076),	428	
3906	(0.00300962),	231	
4083	(0.003146),	923	
4135	(0.00318606),	848	
4809	(0.00370539),	540	
4952	(0.00381557),	193	
5337	(0.00411222),	9	
5638	(0.00434414),	236	
6248	(0.00481415),	1450	
6674	(0.00514239),	185	
9125	(0.00703091),	188	
9616	(0.00740923),	1	
152282	(0.117335),	0	
155151	(0.119546),	2	

#total 1.29784e+06 (3.60511h)
LOG (analyze-counts[5.3.57~1-6f9f]:main():analyze-counts.cc:194) Summed 4000 int32 vectors to counts, skipped 0 vectors.
LOG (analyze-counts[5.3.57~1-6f9f]:main():analyze-counts.cc:196) Counts written to exp/mlp/ali_train_pdf.counts
