Generating lattices for dev set
Execution time for generating lattices = 01 hours 16 mins 40 secs
Recoring lattice to find optimal acoustic weight
Rescoring lattice using acoustic weight = 0.02 -> fst/mono/dev.0.02.tra
Generating char level transcription -> fst/mono/dev.0.02.rec
    acoustic weight = [ 0.02 ]
        result -> fst/mono/dev.0.02.rec
        accuracy -> [ 31.76 ] %
Rescoring lattice using acoustic weight = 0.04 -> fst/mono/dev.0.04.tra
Generating char level transcription -> fst/mono/dev.0.04.rec
    acoustic weight = [ 0.04 ]
        result -> fst/mono/dev.0.04.rec
        accuracy -> [ 33.73 ] %
Rescoring lattice using acoustic weight = 0.06 -> fst/mono/dev.0.06.tra
Generating char level transcription -> fst/mono/dev.0.06.rec
    acoustic weight = [ 0.06 ]
        result -> fst/mono/dev.0.06.rec
        accuracy -> [ 35.59 ] %
Rescoring lattice using acoustic weight = 0.08 -> fst/mono/dev.0.08.tra
Generating char level transcription -> fst/mono/dev.0.08.rec
    acoustic weight = [ 0.08 ]
        result -> fst/mono/dev.0.08.rec
        accuracy -> [ 36.99 ] %
Rescoring lattice using acoustic weight = 0.10 -> fst/mono/dev.0.10.tra
Generating char level transcription -> fst/mono/dev.0.10.rec
    acoustic weight = [ 0.10 ]
        result -> fst/mono/dev.0.10.rec
        accuracy -> [ 36.69 ] %
Rescoring lattice using acoustic weight = 0.12 -> fst/mono/dev.0.12.tra
Generating char level transcription -> fst/mono/dev.0.12.rec
    acoustic weight = [ 0.12 ]
        result -> fst/mono/dev.0.12.rec
        accuracy -> [ 35.72 ] %
Rescoring lattice using acoustic weight = 0.14 -> fst/mono/dev.0.14.tra
Generating char level transcription -> fst/mono/dev.0.14.rec
    acoustic weight = [ 0.14 ]
        result -> fst/mono/dev.0.14.rec
        accuracy -> [ 34.40 ] %
Rescoring lattice using acoustic weight = 0.16 -> fst/mono/dev.0.16.tra
Generating char level transcription -> fst/mono/dev.0.16.rec
    acoustic weight = [ 0.16 ]
        result -> fst/mono/dev.0.16.rec
        accuracy -> [ 32.63 ] %
Rescoring lattice using acoustic weight = 0.18 -> fst/mono/dev.0.18.tra
Generating char level transcription -> fst/mono/dev.0.18.rec
    acoustic weight = [ 0.18 ]
        result -> fst/mono/dev.0.18.rec
        accuracy -> [ 31.06 ] %
Rescoring lattice using acoustic weight = 0.20 -> fst/mono/dev.0.20.tra
Generating char level transcription -> fst/mono/dev.0.20.rec
    acoustic weight = [ 0.20 ]
        result -> fst/mono/dev.0.20.rec
        accuracy -> [ 29.89 ] %
Execution time for rescoring lattices = 00 hours 05 mins 39 secs
Optimal acoustic weight = 0.08
Recognizing test set with acoustic weight = 0.08
Execution time for recognizing test set = 05 hours 12 mins 48 secs
Generating char level transcription -> fst/mono/test.rec
    result -> fst/mono/test.rec
    accuracy -> [ 37.56 ] %

Execution time for whole script = 06 hours 35 mins 09 secs

