gmm-acc-stats-ali --binary=false exp/mono/08.mdl ark,s,cs:feat/train.39.cmvn.ark ark:exp/mono/train.ali exp/mono/08.acc 
LOG (gmm-acc-stats-ali[5.3.57~1-6f9f]:main():gmm-acc-stats-ali.cc:105) Processed 50 utterances; for utterance astmic-fsi000-sen0049 avg. like is -42.5865 over 328 frames.
LOG (gmm-acc-stats-ali[5.3.57~1-6f9f]:main():gmm-acc-stats-ali.cc:105) Processed 100 utterances; for utterance astmic-fsi000-sen0099 avg. like is -45.4699 over 298 frames.
LOG (gmm-acc-stats-ali[5.3.57~1-6f9f]:main():gmm-acc-stats-ali.cc:105) Processed 150 utterances; for utterance astmic-fsi000-sen0149 avg. like is -43.5042 over 238 frames.
LOG (gmm-acc-stats-ali[5.3.57~1-6f9f]:main():gmm-acc-stats-ali.cc:105) Processed 200 utterances; for utterance astmic-fsi000-sen0199 avg. like is -41.9602 over 318 frames.
LOG (gmm-acc-stats-ali[5.3.57~1-6f9f]:main():gmm-acc-stats-ali.cc:105) Processed 250 utterances; for utterance astmic-fsi001-sen0049 avg. like is -42.5092 over 328 frames.
LOG (gmm-acc-stats-ali[5.3.57~1-6f9f]:main():gmm-acc-stats-ali.cc:105) Processed 300 utterances; for utterance astmic-fsi001-sen0099 avg. like is -41.2733 over 228 frames.
LOG (gmm-acc-stats-ali[5.3.57~1-6f9f]:main():gmm-acc-stats-ali.cc:105) Processed 350 utterances; for utterance astmic-fsi001-sen0149 avg. like is -43.3509 over 318 frames.
LOG (gmm-acc-stats-ali[5.3.57~1-6f9f]:main():gmm-acc-stats-ali.cc:105) Processed 400 utterances; for utterance astmic-fsi001-sen0199 avg. like is -42.4494 over 398 frames.
LOG (gmm-acc-stats-ali[5.3.57~1-6f9f]:main():gmm-acc-stats-ali.cc:105) Processed 450 utterances; for utterance astmic-fsi002-sen0049 avg. like is -44.3872 over 328 frames.
LOG (gmm-acc-stats-ali[5.3.57~1-6f9f]:main():gmm-acc-stats-ali.cc:105) Processed 500 utterances; for utterance astmic-fsi002-sen0099 avg. like is -44.0022 over 428 frames.
LOG (gmm-acc-stats-ali[5.3.57~1-6f9f]:main():gmm-acc-stats-ali.cc:105) Processed 550 utterances; for utterance astmic-fsi002-sen0149 avg. like is -44.3368 over 288 frames.
LOG (gmm-acc-stats-ali[5.3.57~1-6f9f]:main():gmm-acc-stats-ali.cc:105) Processed 600 utterances; for utterance astmic-fsi002-sen0199 avg. like is -46.7898 over 298 frames.
LOG (gmm-acc-stats-ali[5.3.57~1-6f9f]:main():gmm-acc-stats-ali.cc:105) Processed 650 utterances; for utterance astmic-fsi003-sen0049 avg. like is -43.9043 over 328 frames.
LOG (gmm-acc-stats-ali[5.3.57~1-6f9f]:main():gmm-acc-stats-ali.cc:105) Processed 700 utterances; for utterance astmic-fsi003-sen0099 avg. like is -42.703 over 208 frames.
LOG (gmm-acc-stats-ali[5.3.57~1-6f9f]:main():gmm-acc-stats-ali.cc:105) Processed 750 utterances; for utterance astmic-fsi003-sen0149 avg. like is -45.4289 over 218 frames.
LOG (gmm-acc-stats-ali[5.3.57~1-6f9f]:main():gmm-acc-stats-ali.cc:105) Processed 800 utterances; for utterance astmic-fsi003-sen0199 avg. like is -41.0709 over 248 frames.
LOG (gmm-acc-stats-ali[5.3.57~1-6f9f]:main():gmm-acc-stats-ali.cc:105) Processed 850 utterances; for utterance astmic-fsi004-sen0049 avg. like is -42.1871 over 368 frames.
LOG (gmm-acc-stats-ali[5.3.57~1-6f9f]:main():gmm-acc-stats-ali.cc:105) Processed 900 utterances; for utterance astmic-fsi004-sen0099 avg. like is -43.8087 over 208 frames.
LOG (gmm-acc-stats-ali[5.3.57~1-6f9f]:main():gmm-acc-stats-ali.cc:105) Processed 950 utterances; for utterance astmic-fsi004-sen0149 avg. like is -41.1548 over 228 frames.
LOG (gmm-acc-stats-ali[5.3.57~1-6f9f]:main():gmm-acc-stats-ali.cc:105) Processed 1000 utterances; for utterance astmic-fsi004-sen0199 avg. like is -41.4513 over 268 frames.
LOG (gmm-acc-stats-ali[5.3.57~1-6f9f]:main():gmm-acc-stats-ali.cc:105) Processed 1050 utterances; for utterance astmic-fsi005-sen0049 avg. like is -45.2937 over 388 frames.
LOG (gmm-acc-stats-ali[5.3.57~1-6f9f]:main():gmm-acc-stats-ali.cc:105) Processed 1100 utterances; for utterance astmic-fsi005-sen0099 avg. like is -42.5247 over 268 frames.
LOG (gmm-acc-stats-ali[5.3.57~1-6f9f]:main():gmm-acc-stats-ali.cc:105) Processed 1150 utterances; for utterance astmic-fsi005-sen0149 avg. like is -43.3953 over 298 frames.
LOG (gmm-acc-stats-ali[5.3.57~1-6f9f]:main():gmm-acc-stats-ali.cc:105) Processed 1200 utterances; for utterance astmic-fsi005-sen0199 avg. like is -40.6935 over 328 frames.
LOG (gmm-acc-stats-ali[5.3.57~1-6f9f]:main():gmm-acc-stats-ali.cc:105) Processed 1250 utterances; for utterance astmic-fsi006-sen0049 avg. like is -42.8676 over 298 frames.
LOG (gmm-acc-stats-ali[5.3.57~1-6f9f]:main():gmm-acc-stats-ali.cc:105) Processed 1300 utterances; for utterance astmic-fsi006-sen0099 avg. like is -46.3551 over 168 frames.
LOG (gmm-acc-stats-ali[5.3.57~1-6f9f]:main():gmm-acc-stats-ali.cc:105) Processed 1350 utterances; for utterance astmic-fsi006-sen0149 avg. like is -43.4546 over 238 frames.
LOG (gmm-acc-stats-ali[5.3.57~1-6f9f]:main():gmm-acc-stats-ali.cc:105) Processed 1400 utterances; for utterance astmic-fsi006-sen0199 avg. like is -42.9628 over 238 frames.
LOG (gmm-acc-stats-ali[5.3.57~1-6f9f]:main():gmm-acc-stats-ali.cc:105) Processed 1450 utterances; for utterance astmic-fsi007-sen0049 avg. like is -45.7711 over 198 frames.
LOG (gmm-acc-stats-ali[5.3.57~1-6f9f]:main():gmm-acc-stats-ali.cc:105) Processed 1500 utterances; for utterance astmic-fsi007-sen0099 avg. like is -46.398 over 248 frames.
LOG (gmm-acc-stats-ali[5.3.57~1-6f9f]:main():gmm-acc-stats-ali.cc:105) Processed 1550 utterances; for utterance astmic-fsi007-sen0149 avg. like is -45.5384 over 298 frames.
LOG (gmm-acc-stats-ali[5.3.57~1-6f9f]:main():gmm-acc-stats-ali.cc:105) Processed 1600 utterances; for utterance astmic-fsi007-sen0199 avg. like is -41.6951 over 198 frames.
LOG (gmm-acc-stats-ali[5.3.57~1-6f9f]:main():gmm-acc-stats-ali.cc:105) Processed 1650 utterances; for utterance astmic-fsi008-sen0049 avg. like is -43.3335 over 298 frames.
LOG (gmm-acc-stats-ali[5.3.57~1-6f9f]:main():gmm-acc-stats-ali.cc:105) Processed 1700 utterances; for utterance astmic-fsi008-sen0099 avg. like is -43.7714 over 368 frames.
LOG (gmm-acc-stats-ali[5.3.57~1-6f9f]:main():gmm-acc-stats-ali.cc:105) Processed 1750 utterances; for utterance astmic-fsi008-sen0149 avg. like is -43.1224 over 418 frames.
LOG (gmm-acc-stats-ali[5.3.57~1-6f9f]:main():gmm-acc-stats-ali.cc:105) Processed 1800 utterances; for utterance astmic-fsi008-sen0199 avg. like is -44.6518 over 218 frames.
LOG (gmm-acc-stats-ali[5.3.57~1-6f9f]:main():gmm-acc-stats-ali.cc:105) Processed 1850 utterances; for utterance astmic-fsi009-sen0049 avg. like is -44.3355 over 248 frames.
LOG (gmm-acc-stats-ali[5.3.57~1-6f9f]:main():gmm-acc-stats-ali.cc:105) Processed 1900 utterances; for utterance astmic-fsi009-sen0099 avg. like is -43.1385 over 278 frames.
LOG (gmm-acc-stats-ali[5.3.57~1-6f9f]:main():gmm-acc-stats-ali.cc:105) Processed 1950 utterances; for utterance astmic-fsi009-sen0149 avg. like is -45.1391 over 348 frames.
LOG (gmm-acc-stats-ali[5.3.57~1-6f9f]:main():gmm-acc-stats-ali.cc:105) Processed 2000 utterances; for utterance astmic-fsi009-sen0199 avg. like is -41.8101 over 298 frames.
LOG (gmm-acc-stats-ali[5.3.57~1-6f9f]:main():gmm-acc-stats-ali.cc:105) Processed 2050 utterances; for utterance astmic-msi000-sen0049 avg. like is -43.8903 over 228 frames.
LOG (gmm-acc-stats-ali[5.3.57~1-6f9f]:main():gmm-acc-stats-ali.cc:105) Processed 2100 utterances; for utterance astmic-msi000-sen0099 avg. like is -41.4038 over 478 frames.
LOG (gmm-acc-stats-ali[5.3.57~1-6f9f]:main():gmm-acc-stats-ali.cc:105) Processed 2150 utterances; for utterance astmic-msi000-sen0149 avg. like is -42.2237 over 438 frames.
LOG (gmm-acc-stats-ali[5.3.57~1-6f9f]:main():gmm-acc-stats-ali.cc:105) Processed 2200 utterances; for utterance astmic-msi000-sen0199 avg. like is -42.5354 over 458 frames.
LOG (gmm-acc-stats-ali[5.3.57~1-6f9f]:main():gmm-acc-stats-ali.cc:105) Processed 2250 utterances; for utterance astmic-msi001-sen0049 avg. like is -42.7152 over 418 frames.
LOG (gmm-acc-stats-ali[5.3.57~1-6f9f]:main():gmm-acc-stats-ali.cc:105) Processed 2300 utterances; for utterance astmic-msi001-sen0099 avg. like is -43.0109 over 378 frames.
LOG (gmm-acc-stats-ali[5.3.57~1-6f9f]:main():gmm-acc-stats-ali.cc:105) Processed 2350 utterances; for utterance astmic-msi001-sen0149 avg. like is -43.0071 over 358 frames.
LOG (gmm-acc-stats-ali[5.3.57~1-6f9f]:main():gmm-acc-stats-ali.cc:105) Processed 2400 utterances; for utterance astmic-msi001-sen0199 avg. like is -42.7046 over 538 frames.
LOG (gmm-acc-stats-ali[5.3.57~1-6f9f]:main():gmm-acc-stats-ali.cc:105) Processed 2450 utterances; for utterance astmic-msi002-sen0049 avg. like is -42.326 over 448 frames.
LOG (gmm-acc-stats-ali[5.3.57~1-6f9f]:main():gmm-acc-stats-ali.cc:105) Processed 2500 utterances; for utterance astmic-msi002-sen0099 avg. like is -43.4398 over 258 frames.
LOG (gmm-acc-stats-ali[5.3.57~1-6f9f]:main():gmm-acc-stats-ali.cc:105) Processed 2550 utterances; for utterance astmic-msi002-sen0149 avg. like is -41.9501 over 248 frames.
LOG (gmm-acc-stats-ali[5.3.57~1-6f9f]:main():gmm-acc-stats-ali.cc:105) Processed 2600 utterances; for utterance astmic-msi002-sen0199 avg. like is -41.4004 over 388 frames.
LOG (gmm-acc-stats-ali[5.3.57~1-6f9f]:main():gmm-acc-stats-ali.cc:105) Processed 2650 utterances; for utterance astmic-msi003-sen0049 avg. like is -43.4989 over 238 frames.
LOG (gmm-acc-stats-ali[5.3.57~1-6f9f]:main():gmm-acc-stats-ali.cc:105) Processed 2700 utterances; for utterance astmic-msi003-sen0099 avg. like is -43.4914 over 458 frames.
LOG (gmm-acc-stats-ali[5.3.57~1-6f9f]:main():gmm-acc-stats-ali.cc:105) Processed 2750 utterances; for utterance astmic-msi003-sen0149 avg. like is -44.2789 over 398 frames.
LOG (gmm-acc-stats-ali[5.3.57~1-6f9f]:main():gmm-acc-stats-ali.cc:105) Processed 2800 utterances; for utterance astmic-msi003-sen0199 avg. like is -43.2506 over 328 frames.
LOG (gmm-acc-stats-ali[5.3.57~1-6f9f]:main():gmm-acc-stats-ali.cc:105) Processed 2850 utterances; for utterance astmic-msi004-sen0049 avg. like is -44.0983 over 228 frames.
LOG (gmm-acc-stats-ali[5.3.57~1-6f9f]:main():gmm-acc-stats-ali.cc:105) Processed 2900 utterances; for utterance astmic-msi004-sen0099 avg. like is -43.5698 over 358 frames.
LOG (gmm-acc-stats-ali[5.3.57~1-6f9f]:main():gmm-acc-stats-ali.cc:105) Processed 2950 utterances; for utterance astmic-msi004-sen0149 avg. like is -44.489 over 258 frames.
LOG (gmm-acc-stats-ali[5.3.57~1-6f9f]:main():gmm-acc-stats-ali.cc:105) Processed 3000 utterances; for utterance astmic-msi004-sen0199 avg. like is -42.7894 over 318 frames.
LOG (gmm-acc-stats-ali[5.3.57~1-6f9f]:main():gmm-acc-stats-ali.cc:105) Processed 3050 utterances; for utterance astmic-msi005-sen0049 avg. like is -43.9557 over 638 frames.
LOG (gmm-acc-stats-ali[5.3.57~1-6f9f]:main():gmm-acc-stats-ali.cc:105) Processed 3100 utterances; for utterance astmic-msi005-sen0099 avg. like is -42.7439 over 598 frames.
LOG (gmm-acc-stats-ali[5.3.57~1-6f9f]:main():gmm-acc-stats-ali.cc:105) Processed 3150 utterances; for utterance astmic-msi005-sen0149 avg. like is -42.1943 over 598 frames.
LOG (gmm-acc-stats-ali[5.3.57~1-6f9f]:main():gmm-acc-stats-ali.cc:105) Processed 3200 utterances; for utterance astmic-msi005-sen0199 avg. like is -43.8603 over 458 frames.
LOG (gmm-acc-stats-ali[5.3.57~1-6f9f]:main():gmm-acc-stats-ali.cc:105) Processed 3250 utterances; for utterance astmic-msi006-sen0049 avg. like is -44.545 over 208 frames.
LOG (gmm-acc-stats-ali[5.3.57~1-6f9f]:main():gmm-acc-stats-ali.cc:105) Processed 3300 utterances; for utterance astmic-msi006-sen0099 avg. like is -44.4686 over 248 frames.
LOG (gmm-acc-stats-ali[5.3.57~1-6f9f]:main():gmm-acc-stats-ali.cc:105) Processed 3350 utterances; for utterance astmic-msi006-sen0149 avg. like is -44.8755 over 308 frames.
LOG (gmm-acc-stats-ali[5.3.57~1-6f9f]:main():gmm-acc-stats-ali.cc:105) Processed 3400 utterances; for utterance astmic-msi006-sen0199 avg. like is -45.9823 over 268 frames.
LOG (gmm-acc-stats-ali[5.3.57~1-6f9f]:main():gmm-acc-stats-ali.cc:105) Processed 3450 utterances; for utterance astmic-msi007-sen0049 avg. like is -42.851 over 288 frames.
LOG (gmm-acc-stats-ali[5.3.57~1-6f9f]:main():gmm-acc-stats-ali.cc:105) Processed 3500 utterances; for utterance astmic-msi007-sen0099 avg. like is -44.6983 over 308 frames.
LOG (gmm-acc-stats-ali[5.3.57~1-6f9f]:main():gmm-acc-stats-ali.cc:105) Processed 3550 utterances; for utterance astmic-msi007-sen0149 avg. like is -43.1761 over 398 frames.
LOG (gmm-acc-stats-ali[5.3.57~1-6f9f]:main():gmm-acc-stats-ali.cc:105) Processed 3600 utterances; for utterance astmic-msi007-sen0199 avg. like is -45.307 over 228 frames.
LOG (gmm-acc-stats-ali[5.3.57~1-6f9f]:main():gmm-acc-stats-ali.cc:105) Processed 3650 utterances; for utterance astmic-msi008-sen0049 avg. like is -44.7687 over 228 frames.
LOG (gmm-acc-stats-ali[5.3.57~1-6f9f]:main():gmm-acc-stats-ali.cc:105) Processed 3700 utterances; for utterance astmic-msi008-sen0099 avg. like is -43.1275 over 448 frames.
LOG (gmm-acc-stats-ali[5.3.57~1-6f9f]:main():gmm-acc-stats-ali.cc:105) Processed 3750 utterances; for utterance astmic-msi008-sen0149 avg. like is -45.3164 over 288 frames.
LOG (gmm-acc-stats-ali[5.3.57~1-6f9f]:main():gmm-acc-stats-ali.cc:105) Processed 3800 utterances; for utterance astmic-msi008-sen0199 avg. like is -42.2783 over 328 frames.
LOG (gmm-acc-stats-ali[5.3.57~1-6f9f]:main():gmm-acc-stats-ali.cc:105) Processed 3850 utterances; for utterance astmic-msi009-sen0049 avg. like is -42.382 over 458 frames.
LOG (gmm-acc-stats-ali[5.3.57~1-6f9f]:main():gmm-acc-stats-ali.cc:105) Processed 3900 utterances; for utterance astmic-msi009-sen0099 avg. like is -41.917 over 278 frames.
LOG (gmm-acc-stats-ali[5.3.57~1-6f9f]:main():gmm-acc-stats-ali.cc:105) Processed 3950 utterances; for utterance astmic-msi009-sen0149 avg. like is -42.4388 over 278 frames.
LOG (gmm-acc-stats-ali[5.3.57~1-6f9f]:main():gmm-acc-stats-ali.cc:105) Processed 4000 utterances; for utterance astmic-msi009-sen0199 avg. like is -44.3042 over 298 frames.
LOG (gmm-acc-stats-ali[5.3.57~1-6f9f]:main():gmm-acc-stats-ali.cc:112) Done 4000 files, 0 with errors.
LOG (gmm-acc-stats-ali[5.3.57~1-6f9f]:main():gmm-acc-stats-ali.cc:115) Overall avg like per frame (Gaussian only) = -43.5101 over 1297840 frames.
LOG (gmm-acc-stats-ali[5.3.57~1-6f9f]:main():gmm-acc-stats-ali.cc:123) Written accs.
