gmm-acc-stats-ali --binary=false exp/tri/28.mdl ark,s,cs:feat/train.39.cmvn.ark ark:exp/tri/train.ali exp/tri/28.acc 
LOG (gmm-acc-stats-ali[5.3.57~1-6f9f]:main():gmm-acc-stats-ali.cc:105) Processed 50 utterances; for utterance astmic-fsi000-sen0049 avg. like is -39.4451 over 328 frames.
LOG (gmm-acc-stats-ali[5.3.57~1-6f9f]:main():gmm-acc-stats-ali.cc:105) Processed 100 utterances; for utterance astmic-fsi000-sen0099 avg. like is -42.2525 over 298 frames.
LOG (gmm-acc-stats-ali[5.3.57~1-6f9f]:main():gmm-acc-stats-ali.cc:105) Processed 150 utterances; for utterance astmic-fsi000-sen0149 avg. like is -39.4112 over 238 frames.
LOG (gmm-acc-stats-ali[5.3.57~1-6f9f]:main():gmm-acc-stats-ali.cc:105) Processed 200 utterances; for utterance astmic-fsi000-sen0199 avg. like is -38.4828 over 318 frames.
LOG (gmm-acc-stats-ali[5.3.57~1-6f9f]:main():gmm-acc-stats-ali.cc:105) Processed 250 utterances; for utterance astmic-fsi001-sen0049 avg. like is -37.5748 over 328 frames.
LOG (gmm-acc-stats-ali[5.3.57~1-6f9f]:main():gmm-acc-stats-ali.cc:105) Processed 300 utterances; for utterance astmic-fsi001-sen0099 avg. like is -36.0851 over 228 frames.
LOG (gmm-acc-stats-ali[5.3.57~1-6f9f]:main():gmm-acc-stats-ali.cc:105) Processed 350 utterances; for utterance astmic-fsi001-sen0149 avg. like is -39.2163 over 318 frames.
LOG (gmm-acc-stats-ali[5.3.57~1-6f9f]:main():gmm-acc-stats-ali.cc:105) Processed 400 utterances; for utterance astmic-fsi001-sen0199 avg. like is -38.1207 over 398 frames.
LOG (gmm-acc-stats-ali[5.3.57~1-6f9f]:main():gmm-acc-stats-ali.cc:105) Processed 450 utterances; for utterance astmic-fsi002-sen0049 avg. like is -41.0445 over 328 frames.
LOG (gmm-acc-stats-ali[5.3.57~1-6f9f]:main():gmm-acc-stats-ali.cc:105) Processed 500 utterances; for utterance astmic-fsi002-sen0099 avg. like is -41.5009 over 428 frames.
LOG (gmm-acc-stats-ali[5.3.57~1-6f9f]:main():gmm-acc-stats-ali.cc:105) Processed 550 utterances; for utterance astmic-fsi002-sen0149 avg. like is -41.1251 over 288 frames.
LOG (gmm-acc-stats-ali[5.3.57~1-6f9f]:main():gmm-acc-stats-ali.cc:105) Processed 600 utterances; for utterance astmic-fsi002-sen0199 avg. like is -43.4883 over 298 frames.
LOG (gmm-acc-stats-ali[5.3.57~1-6f9f]:main():gmm-acc-stats-ali.cc:105) Processed 650 utterances; for utterance astmic-fsi003-sen0049 avg. like is -39.4294 over 328 frames.
LOG (gmm-acc-stats-ali[5.3.57~1-6f9f]:main():gmm-acc-stats-ali.cc:105) Processed 700 utterances; for utterance astmic-fsi003-sen0099 avg. like is -38.2298 over 208 frames.
LOG (gmm-acc-stats-ali[5.3.57~1-6f9f]:main():gmm-acc-stats-ali.cc:105) Processed 750 utterances; for utterance astmic-fsi003-sen0149 avg. like is -47.0209 over 218 frames.
LOG (gmm-acc-stats-ali[5.3.57~1-6f9f]:main():gmm-acc-stats-ali.cc:105) Processed 800 utterances; for utterance astmic-fsi003-sen0199 avg. like is -36.1998 over 248 frames.
LOG (gmm-acc-stats-ali[5.3.57~1-6f9f]:main():gmm-acc-stats-ali.cc:105) Processed 850 utterances; for utterance astmic-fsi004-sen0049 avg. like is -38.6293 over 368 frames.
LOG (gmm-acc-stats-ali[5.3.57~1-6f9f]:main():gmm-acc-stats-ali.cc:105) Processed 900 utterances; for utterance astmic-fsi004-sen0099 avg. like is -41.0572 over 208 frames.
LOG (gmm-acc-stats-ali[5.3.57~1-6f9f]:main():gmm-acc-stats-ali.cc:105) Processed 950 utterances; for utterance astmic-fsi004-sen0149 avg. like is -37.0289 over 228 frames.
LOG (gmm-acc-stats-ali[5.3.57~1-6f9f]:main():gmm-acc-stats-ali.cc:105) Processed 1000 utterances; for utterance astmic-fsi004-sen0199 avg. like is -38.3382 over 268 frames.
LOG (gmm-acc-stats-ali[5.3.57~1-6f9f]:main():gmm-acc-stats-ali.cc:105) Processed 1050 utterances; for utterance astmic-fsi005-sen0049 avg. like is -41.6633 over 388 frames.
LOG (gmm-acc-stats-ali[5.3.57~1-6f9f]:main():gmm-acc-stats-ali.cc:105) Processed 1100 utterances; for utterance astmic-fsi005-sen0099 avg. like is -39.0771 over 268 frames.
LOG (gmm-acc-stats-ali[5.3.57~1-6f9f]:main():gmm-acc-stats-ali.cc:105) Processed 1150 utterances; for utterance astmic-fsi005-sen0149 avg. like is -38.5483 over 298 frames.
LOG (gmm-acc-stats-ali[5.3.57~1-6f9f]:main():gmm-acc-stats-ali.cc:105) Processed 1200 utterances; for utterance astmic-fsi005-sen0199 avg. like is -37.0839 over 328 frames.
LOG (gmm-acc-stats-ali[5.3.57~1-6f9f]:main():gmm-acc-stats-ali.cc:105) Processed 1250 utterances; for utterance astmic-fsi006-sen0049 avg. like is -38.086 over 298 frames.
LOG (gmm-acc-stats-ali[5.3.57~1-6f9f]:main():gmm-acc-stats-ali.cc:105) Processed 1300 utterances; for utterance astmic-fsi006-sen0099 avg. like is -42.7039 over 168 frames.
LOG (gmm-acc-stats-ali[5.3.57~1-6f9f]:main():gmm-acc-stats-ali.cc:105) Processed 1350 utterances; for utterance astmic-fsi006-sen0149 avg. like is -39.1501 over 238 frames.
LOG (gmm-acc-stats-ali[5.3.57~1-6f9f]:main():gmm-acc-stats-ali.cc:105) Processed 1400 utterances; for utterance astmic-fsi006-sen0199 avg. like is -38.7631 over 238 frames.
LOG (gmm-acc-stats-ali[5.3.57~1-6f9f]:main():gmm-acc-stats-ali.cc:105) Processed 1450 utterances; for utterance astmic-fsi007-sen0049 avg. like is -43.1262 over 198 frames.
LOG (gmm-acc-stats-ali[5.3.57~1-6f9f]:main():gmm-acc-stats-ali.cc:105) Processed 1500 utterances; for utterance astmic-fsi007-sen0099 avg. like is -42.1918 over 248 frames.
LOG (gmm-acc-stats-ali[5.3.57~1-6f9f]:main():gmm-acc-stats-ali.cc:105) Processed 1550 utterances; for utterance astmic-fsi007-sen0149 avg. like is -41.2852 over 298 frames.
LOG (gmm-acc-stats-ali[5.3.57~1-6f9f]:main():gmm-acc-stats-ali.cc:105) Processed 1600 utterances; for utterance astmic-fsi007-sen0199 avg. like is -38.9204 over 198 frames.
LOG (gmm-acc-stats-ali[5.3.57~1-6f9f]:main():gmm-acc-stats-ali.cc:105) Processed 1650 utterances; for utterance astmic-fsi008-sen0049 avg. like is -38.8718 over 298 frames.
LOG (gmm-acc-stats-ali[5.3.57~1-6f9f]:main():gmm-acc-stats-ali.cc:105) Processed 1700 utterances; for utterance astmic-fsi008-sen0099 avg. like is -39.8184 over 368 frames.
LOG (gmm-acc-stats-ali[5.3.57~1-6f9f]:main():gmm-acc-stats-ali.cc:105) Processed 1750 utterances; for utterance astmic-fsi008-sen0149 avg. like is -37.72 over 418 frames.
LOG (gmm-acc-stats-ali[5.3.57~1-6f9f]:main():gmm-acc-stats-ali.cc:105) Processed 1800 utterances; for utterance astmic-fsi008-sen0199 avg. like is -40.9767 over 218 frames.
LOG (gmm-acc-stats-ali[5.3.57~1-6f9f]:main():gmm-acc-stats-ali.cc:105) Processed 1850 utterances; for utterance astmic-fsi009-sen0049 avg. like is -40.121 over 248 frames.
LOG (gmm-acc-stats-ali[5.3.57~1-6f9f]:main():gmm-acc-stats-ali.cc:105) Processed 1900 utterances; for utterance astmic-fsi009-sen0099 avg. like is -39.6051 over 278 frames.
LOG (gmm-acc-stats-ali[5.3.57~1-6f9f]:main():gmm-acc-stats-ali.cc:105) Processed 1950 utterances; for utterance astmic-fsi009-sen0149 avg. like is -40.9931 over 348 frames.
LOG (gmm-acc-stats-ali[5.3.57~1-6f9f]:main():gmm-acc-stats-ali.cc:105) Processed 2000 utterances; for utterance astmic-fsi009-sen0199 avg. like is -37.3222 over 298 frames.
LOG (gmm-acc-stats-ali[5.3.57~1-6f9f]:main():gmm-acc-stats-ali.cc:105) Processed 2050 utterances; for utterance astmic-msi000-sen0049 avg. like is -40.083 over 228 frames.
LOG (gmm-acc-stats-ali[5.3.57~1-6f9f]:main():gmm-acc-stats-ali.cc:105) Processed 2100 utterances; for utterance astmic-msi000-sen0099 avg. like is -36.7191 over 478 frames.
LOG (gmm-acc-stats-ali[5.3.57~1-6f9f]:main():gmm-acc-stats-ali.cc:105) Processed 2150 utterances; for utterance astmic-msi000-sen0149 avg. like is -37.103 over 438 frames.
LOG (gmm-acc-stats-ali[5.3.57~1-6f9f]:main():gmm-acc-stats-ali.cc:105) Processed 2200 utterances; for utterance astmic-msi000-sen0199 avg. like is -37.1023 over 458 frames.
LOG (gmm-acc-stats-ali[5.3.57~1-6f9f]:main():gmm-acc-stats-ali.cc:105) Processed 2250 utterances; for utterance astmic-msi001-sen0049 avg. like is -37.8887 over 418 frames.
LOG (gmm-acc-stats-ali[5.3.57~1-6f9f]:main():gmm-acc-stats-ali.cc:105) Processed 2300 utterances; for utterance astmic-msi001-sen0099 avg. like is -37.5003 over 378 frames.
LOG (gmm-acc-stats-ali[5.3.57~1-6f9f]:main():gmm-acc-stats-ali.cc:105) Processed 2350 utterances; for utterance astmic-msi001-sen0149 avg. like is -38.9153 over 358 frames.
LOG (gmm-acc-stats-ali[5.3.57~1-6f9f]:main():gmm-acc-stats-ali.cc:105) Processed 2400 utterances; for utterance astmic-msi001-sen0199 avg. like is -38.0232 over 538 frames.
LOG (gmm-acc-stats-ali[5.3.57~1-6f9f]:main():gmm-acc-stats-ali.cc:105) Processed 2450 utterances; for utterance astmic-msi002-sen0049 avg. like is -38.2588 over 448 frames.
LOG (gmm-acc-stats-ali[5.3.57~1-6f9f]:main():gmm-acc-stats-ali.cc:105) Processed 2500 utterances; for utterance astmic-msi002-sen0099 avg. like is -39.0151 over 258 frames.
LOG (gmm-acc-stats-ali[5.3.57~1-6f9f]:main():gmm-acc-stats-ali.cc:105) Processed 2550 utterances; for utterance astmic-msi002-sen0149 avg. like is -37.9417 over 248 frames.
LOG (gmm-acc-stats-ali[5.3.57~1-6f9f]:main():gmm-acc-stats-ali.cc:105) Processed 2600 utterances; for utterance astmic-msi002-sen0199 avg. like is -36.6684 over 388 frames.
LOG (gmm-acc-stats-ali[5.3.57~1-6f9f]:main():gmm-acc-stats-ali.cc:105) Processed 2650 utterances; for utterance astmic-msi003-sen0049 avg. like is -39.4736 over 238 frames.
LOG (gmm-acc-stats-ali[5.3.57~1-6f9f]:main():gmm-acc-stats-ali.cc:105) Processed 2700 utterances; for utterance astmic-msi003-sen0099 avg. like is -38.4246 over 458 frames.
LOG (gmm-acc-stats-ali[5.3.57~1-6f9f]:main():gmm-acc-stats-ali.cc:105) Processed 2750 utterances; for utterance astmic-msi003-sen0149 avg. like is -41.15 over 398 frames.
LOG (gmm-acc-stats-ali[5.3.57~1-6f9f]:main():gmm-acc-stats-ali.cc:105) Processed 2800 utterances; for utterance astmic-msi003-sen0199 avg. like is -39.8382 over 328 frames.
LOG (gmm-acc-stats-ali[5.3.57~1-6f9f]:main():gmm-acc-stats-ali.cc:105) Processed 2850 utterances; for utterance astmic-msi004-sen0049 avg. like is -39.6235 over 228 frames.
LOG (gmm-acc-stats-ali[5.3.57~1-6f9f]:main():gmm-acc-stats-ali.cc:105) Processed 2900 utterances; for utterance astmic-msi004-sen0099 avg. like is -38.1618 over 358 frames.
LOG (gmm-acc-stats-ali[5.3.57~1-6f9f]:main():gmm-acc-stats-ali.cc:105) Processed 2950 utterances; for utterance astmic-msi004-sen0149 avg. like is -40.3208 over 258 frames.
LOG (gmm-acc-stats-ali[5.3.57~1-6f9f]:main():gmm-acc-stats-ali.cc:105) Processed 3000 utterances; for utterance astmic-msi004-sen0199 avg. like is -39.6988 over 318 frames.
LOG (gmm-acc-stats-ali[5.3.57~1-6f9f]:main():gmm-acc-stats-ali.cc:105) Processed 3050 utterances; for utterance astmic-msi005-sen0049 avg. like is -40.191 over 638 frames.
LOG (gmm-acc-stats-ali[5.3.57~1-6f9f]:main():gmm-acc-stats-ali.cc:105) Processed 3100 utterances; for utterance astmic-msi005-sen0099 avg. like is -38.8534 over 598 frames.
LOG (gmm-acc-stats-ali[5.3.57~1-6f9f]:main():gmm-acc-stats-ali.cc:105) Processed 3150 utterances; for utterance astmic-msi005-sen0149 avg. like is -38.412 over 598 frames.
LOG (gmm-acc-stats-ali[5.3.57~1-6f9f]:main():gmm-acc-stats-ali.cc:105) Processed 3200 utterances; for utterance astmic-msi005-sen0199 avg. like is -39.786 over 458 frames.
LOG (gmm-acc-stats-ali[5.3.57~1-6f9f]:main():gmm-acc-stats-ali.cc:105) Processed 3250 utterances; for utterance astmic-msi006-sen0049 avg. like is -41.5124 over 208 frames.
LOG (gmm-acc-stats-ali[5.3.57~1-6f9f]:main():gmm-acc-stats-ali.cc:105) Processed 3300 utterances; for utterance astmic-msi006-sen0099 avg. like is -42.025 over 248 frames.
LOG (gmm-acc-stats-ali[5.3.57~1-6f9f]:main():gmm-acc-stats-ali.cc:105) Processed 3350 utterances; for utterance astmic-msi006-sen0149 avg. like is -42.0711 over 308 frames.
LOG (gmm-acc-stats-ali[5.3.57~1-6f9f]:main():gmm-acc-stats-ali.cc:105) Processed 3400 utterances; for utterance astmic-msi006-sen0199 avg. like is -42.5906 over 268 frames.
LOG (gmm-acc-stats-ali[5.3.57~1-6f9f]:main():gmm-acc-stats-ali.cc:105) Processed 3450 utterances; for utterance astmic-msi007-sen0049 avg. like is -39.3318 over 288 frames.
LOG (gmm-acc-stats-ali[5.3.57~1-6f9f]:main():gmm-acc-stats-ali.cc:105) Processed 3500 utterances; for utterance astmic-msi007-sen0099 avg. like is -41.4683 over 308 frames.
LOG (gmm-acc-stats-ali[5.3.57~1-6f9f]:main():gmm-acc-stats-ali.cc:105) Processed 3550 utterances; for utterance astmic-msi007-sen0149 avg. like is -39.2727 over 398 frames.
LOG (gmm-acc-stats-ali[5.3.57~1-6f9f]:main():gmm-acc-stats-ali.cc:105) Processed 3600 utterances; for utterance astmic-msi007-sen0199 avg. like is -41.4567 over 228 frames.
LOG (gmm-acc-stats-ali[5.3.57~1-6f9f]:main():gmm-acc-stats-ali.cc:105) Processed 3650 utterances; for utterance astmic-msi008-sen0049 avg. like is -41.048 over 228 frames.
LOG (gmm-acc-stats-ali[5.3.57~1-6f9f]:main():gmm-acc-stats-ali.cc:105) Processed 3700 utterances; for utterance astmic-msi008-sen0099 avg. like is -39.7672 over 448 frames.
LOG (gmm-acc-stats-ali[5.3.57~1-6f9f]:main():gmm-acc-stats-ali.cc:105) Processed 3750 utterances; for utterance astmic-msi008-sen0149 avg. like is -42.6379 over 288 frames.
LOG (gmm-acc-stats-ali[5.3.57~1-6f9f]:main():gmm-acc-stats-ali.cc:105) Processed 3800 utterances; for utterance astmic-msi008-sen0199 avg. like is -38.5672 over 328 frames.
LOG (gmm-acc-stats-ali[5.3.57~1-6f9f]:main():gmm-acc-stats-ali.cc:105) Processed 3850 utterances; for utterance astmic-msi009-sen0049 avg. like is -37.7254 over 458 frames.
LOG (gmm-acc-stats-ali[5.3.57~1-6f9f]:main():gmm-acc-stats-ali.cc:105) Processed 3900 utterances; for utterance astmic-msi009-sen0099 avg. like is -37.888 over 278 frames.
LOG (gmm-acc-stats-ali[5.3.57~1-6f9f]:main():gmm-acc-stats-ali.cc:105) Processed 3950 utterances; for utterance astmic-msi009-sen0149 avg. like is -37.4555 over 278 frames.
LOG (gmm-acc-stats-ali[5.3.57~1-6f9f]:main():gmm-acc-stats-ali.cc:105) Processed 4000 utterances; for utterance astmic-msi009-sen0199 avg. like is -40.3883 over 298 frames.
LOG (gmm-acc-stats-ali[5.3.57~1-6f9f]:main():gmm-acc-stats-ali.cc:112) Done 4000 files, 0 with errors.
LOG (gmm-acc-stats-ali[5.3.57~1-6f9f]:main():gmm-acc-stats-ali.cc:115) Overall avg like per frame (Gaussian only) = -39.5259 over 1297840 frames.
LOG (gmm-acc-stats-ali[5.3.57~1-6f9f]:main():gmm-acc-stats-ali.cc:123) Written accs.
